<?xml version="1.0" encoding="UTF-8"?>
<!-- Generated by org.testng.reporters.JUnitXMLReporter -->
<testsuite ignored="1" hostname="DESKTOP-9DEF2O9" failures="0" tests="1" name="NegativeTests" time="6.462" errors="0" timestamp="23 Feb 2019 18:18:07 GMT">
  <testcase classname="com.herokuapp.theinternet.NegativeTests" name="invalidPasswordTest" time="6.442"/>
  <testcase classname="com.herokuapp.theinternet.NegativeTests" name="invalidUsernameTest" time="0.0">
    <ignored/>
  </testcase> <!-- invalidUsernameTest -->
</testsuite> <!-- NegativeTests -->
