<?xml version="1.0" encoding="UTF-8"?>
<!-- Generated by org.testng.reporters.JUnitXMLReporter -->
<testsuite ignored="0" hostname="DESKTOP-9DEF2O9" failures="0" tests="4" name="Default test" time="41.354" errors="0" timestamp="05 Mar 2019 20:55:22 GMT">
  <testcase classname="com.herokuapp.theinternet.ExceptionsTests" name="noSuchElementTest" time="7.007"/>
  <testcase classname="com.herokuapp.theinternet.ExceptionsTests" name="notVisibleTest" time="6.912"/>
  <testcase classname="com.herokuapp.theinternet.ExceptionsTests" name="staleElementTest" time="4.771"/>
  <testcase classname="com.herokuapp.theinternet.ExceptionsTests" name="timeoutTest" time="6.778"/>
</testsuite> <!-- Default test -->
