<?xml version="1.0" encoding="UTF-8"?>
<!-- Generated by org.testng.reporters.JUnitXMLReporter -->
<testsuite ignored="0" hostname="DESKTOP-9DEF2O9" failures="0" tests="2" name="NegativeTests" time="19.955" errors="0" timestamp="23 Feb 2019 16:38:40 GMT">
  <testcase classname="com.herokuapp.theinternet.NegativeTests" name="invalidPasswordTest" time="7.721"/>
  <testcase classname="com.herokuapp.theinternet.NegativeTests" name="invalidUsernameTest" time="12.229"/>
</testsuite> <!-- NegativeTests -->
