<?xml version="1.0" encoding="UTF-8"?>
<testng-results ignored="0" total="4" passed="4" failed="0" skipped="0">
  <reporter-output>
  </reporter-output>
  <suite started-at="2019-03-06T18:29:26Z" name="NegativeLoginTestSuite" finished-at="2019-03-06T18:29:36Z" duration-ms="9400">
    <groups>
      <group name="smokeTests">
        <method signature="NegativeLoginTests.negativeTest(java.lang.String, java.lang.String, java.lang.String)[pri:1, instance:com.herokuapp.theinternet.loginpagetests.NegativeLoginTests@131ef10]" name="negativeTest" class="com.herokuapp.theinternet.loginpagetests.NegativeLoginTests"/>
        <method signature="NegativeLoginTests.negativeTest(java.lang.String, java.lang.String, java.lang.String)[pri:1, instance:com.herokuapp.theinternet.loginpagetests.NegativeLoginTests@399c4be1]" name="negativeTest" class="com.herokuapp.theinternet.loginpagetests.NegativeLoginTests"/>
        <method signature="NegativeLoginTests.negativeTest(java.lang.String, java.lang.String, java.lang.String)[pri:1, instance:com.herokuapp.theinternet.loginpagetests.NegativeLoginTests@7ee8290b]" name="negativeTest" class="com.herokuapp.theinternet.loginpagetests.NegativeLoginTests"/>
        <method signature="NegativeLoginTests.negativeTest(java.lang.String, java.lang.String, java.lang.String)[pri:1, instance:com.herokuapp.theinternet.loginpagetests.NegativeLoginTests@2e377400]" name="negativeTest" class="com.herokuapp.theinternet.loginpagetests.NegativeLoginTests"/>
      </group> <!-- smokeTests -->
      <group name="negativeTests">
        <method signature="NegativeLoginTests.negativeTest(java.lang.String, java.lang.String, java.lang.String)[pri:1, instance:com.herokuapp.theinternet.loginpagetests.NegativeLoginTests@131ef10]" name="negativeTest" class="com.herokuapp.theinternet.loginpagetests.NegativeLoginTests"/>
        <method signature="NegativeLoginTests.negativeTest(java.lang.String, java.lang.String, java.lang.String)[pri:1, instance:com.herokuapp.theinternet.loginpagetests.NegativeLoginTests@399c4be1]" name="negativeTest" class="com.herokuapp.theinternet.loginpagetests.NegativeLoginTests"/>
        <method signature="NegativeLoginTests.negativeTest(java.lang.String, java.lang.String, java.lang.String)[pri:1, instance:com.herokuapp.theinternet.loginpagetests.NegativeLoginTests@7ee8290b]" name="negativeTest" class="com.herokuapp.theinternet.loginpagetests.NegativeLoginTests"/>
        <method signature="NegativeLoginTests.negativeTest(java.lang.String, java.lang.String, java.lang.String)[pri:1, instance:com.herokuapp.theinternet.loginpagetests.NegativeLoginTests@2e377400]" name="negativeTest" class="com.herokuapp.theinternet.loginpagetests.NegativeLoginTests"/>
      </group> <!-- negativeTests -->
    </groups>
    <test started-at="2019-03-06T18:29:26Z" name="NegativePasswordTest-CH" finished-at="2019-03-06T18:29:35Z" duration-ms="9056">
      <class name="com.herokuapp.theinternet.loginpagetests.NegativeLoginTests">
        <test-method is-config="true" signature="setUp(java.lang.String, org.testng.ITestContext)[pri:0, instance:com.herokuapp.theinternet.loginpagetests.NegativeLoginTests@7ee8290b]" started-at="2019-03-06T18:29:26Z" name="setUp" finished-at="2019-03-06T18:29:31Z" duration-ms="4269" status="PASS">
          <params>
            <param index="0">
              <value>
                <![CDATA[chrome]]>
              </value>
            </param>
            <param index="1">
              <value>
                <![CDATA[org.testng.TestRunner@19d481b]]>
              </value>
            </param>
          </params>
          <reporter-output>
          </reporter-output>
        </test-method> <!-- setUp -->
        <test-method signature="negativeTest(java.lang.String, java.lang.String, java.lang.String)[pri:1, instance:com.herokuapp.theinternet.loginpagetests.NegativeLoginTests@7ee8290b]" started-at="2019-03-06T18:29:31Z" name="negativeTest" finished-at="2019-03-06T18:29:33Z" duration-ms="2634" status="PASS">
          <params>
            <param index="0">
              <value>
                <![CDATA[tomsmith]]>
              </value>
            </param>
            <param index="1">
              <value>
                <![CDATA[invalidPassword]]>
              </value>
            </param>
            <param index="2">
              <value>
                <![CDATA[Your password is invalid!]]>
              </value>
            </param>
          </params>
          <reporter-output>
          </reporter-output>
        </test-method> <!-- negativeTest -->
        <test-method is-config="true" signature="tearDown()[pri:0, instance:com.herokuapp.theinternet.loginpagetests.NegativeLoginTests@7ee8290b]" started-at="2019-03-06T18:29:33Z" name="tearDown" finished-at="2019-03-06T18:29:35Z" duration-ms="2135" status="PASS">
          <reporter-output>
          </reporter-output>
        </test-method> <!-- tearDown -->
      </class> <!-- com.herokuapp.theinternet.loginpagetests.NegativeLoginTests -->
    </test> <!-- NegativePasswordTest-CH -->
    <test started-at="2019-03-06T18:29:26Z" name="NegativePasswordTest-FF" finished-at="2019-03-06T18:29:36Z" duration-ms="9275">
      <class name="com.herokuapp.theinternet.loginpagetests.NegativeLoginTests">
        <test-method is-config="true" signature="setUp(java.lang.String, org.testng.ITestContext)[pri:0, instance:com.herokuapp.theinternet.loginpagetests.NegativeLoginTests@2e377400]" started-at="2019-03-06T18:29:26Z" name="setUp" finished-at="2019-03-06T18:29:32Z" duration-ms="5464" status="PASS">
          <params>
            <param index="0">
              <value>
                <![CDATA[firefox]]>
              </value>
            </param>
            <param index="1">
              <value>
                <![CDATA[org.testng.TestRunner@1f97cf0d]]>
              </value>
            </param>
          </params>
          <reporter-output>
          </reporter-output>
        </test-method> <!-- setUp -->
        <test-method signature="negativeTest(java.lang.String, java.lang.String, java.lang.String)[pri:1, instance:com.herokuapp.theinternet.loginpagetests.NegativeLoginTests@2e377400]" started-at="2019-03-06T18:29:32Z" name="negativeTest" finished-at="2019-03-06T18:29:34Z" duration-ms="2598" status="PASS">
          <params>
            <param index="0">
              <value>
                <![CDATA[tomsmith]]>
              </value>
            </param>
            <param index="1">
              <value>
                <![CDATA[invalidPassword]]>
              </value>
            </param>
            <param index="2">
              <value>
                <![CDATA[Your password is invalid!]]>
              </value>
            </param>
          </params>
          <reporter-output>
          </reporter-output>
        </test-method> <!-- negativeTest -->
        <test-method is-config="true" signature="tearDown()[pri:0, instance:com.herokuapp.theinternet.loginpagetests.NegativeLoginTests@2e377400]" started-at="2019-03-06T18:29:34Z" name="tearDown" finished-at="2019-03-06T18:29:36Z" duration-ms="1198" status="PASS">
          <reporter-output>
          </reporter-output>
        </test-method> <!-- tearDown -->
      </class> <!-- com.herokuapp.theinternet.loginpagetests.NegativeLoginTests -->
    </test> <!-- NegativePasswordTest-FF -->
    <test started-at="2019-03-06T18:29:26Z" name="NegativeUsernameTest-FF" finished-at="2019-03-06T18:29:36Z" duration-ms="9384">
      <class name="com.herokuapp.theinternet.loginpagetests.NegativeLoginTests">
        <test-method is-config="true" signature="setUp(java.lang.String, org.testng.ITestContext)[pri:0, instance:com.herokuapp.theinternet.loginpagetests.NegativeLoginTests@399c4be1]" started-at="2019-03-06T18:29:26Z" name="setUp" finished-at="2019-03-06T18:29:32Z" duration-ms="5699" status="PASS">
          <params>
            <param index="0">
              <value>
                <![CDATA[firefox]]>
              </value>
            </param>
            <param index="1">
              <value>
                <![CDATA[org.testng.TestRunner@4d910fd6]]>
              </value>
            </param>
          </params>
          <reporter-output>
          </reporter-output>
        </test-method> <!-- setUp -->
        <test-method signature="negativeTest(java.lang.String, java.lang.String, java.lang.String)[pri:1, instance:com.herokuapp.theinternet.loginpagetests.NegativeLoginTests@399c4be1]" started-at="2019-03-06T18:29:32Z" name="negativeTest" finished-at="2019-03-06T18:29:35Z" duration-ms="2530" status="PASS">
          <params>
            <param index="0">
              <value>
                <![CDATA[invalidUsername]]>
              </value>
            </param>
            <param index="1">
              <value>
                <![CDATA[SuperSecretPassword!]]>
              </value>
            </param>
            <param index="2">
              <value>
                <![CDATA[Your username is invalid!]]>
              </value>
            </param>
          </params>
          <reporter-output>
          </reporter-output>
        </test-method> <!-- negativeTest -->
        <test-method is-config="true" signature="tearDown()[pri:0, instance:com.herokuapp.theinternet.loginpagetests.NegativeLoginTests@399c4be1]" started-at="2019-03-06T18:29:35Z" name="tearDown" finished-at="2019-03-06T18:29:36Z" duration-ms="1140" status="PASS">
          <reporter-output>
          </reporter-output>
        </test-method> <!-- tearDown -->
      </class> <!-- com.herokuapp.theinternet.loginpagetests.NegativeLoginTests -->
    </test> <!-- NegativeUsernameTest-FF -->
    <test started-at="2019-03-06T18:29:26Z" name="NegativeUsernameTest-CH" finished-at="2019-03-06T18:29:36Z" duration-ms="9400">
      <class name="com.herokuapp.theinternet.loginpagetests.NegativeLoginTests">
        <test-method is-config="true" signature="setUp(java.lang.String, org.testng.ITestContext)[pri:0, instance:com.herokuapp.theinternet.loginpagetests.NegativeLoginTests@131ef10]" started-at="2019-03-06T18:29:26Z" name="setUp" finished-at="2019-03-06T18:29:31Z" duration-ms="4820" status="PASS">
          <params>
            <param index="0">
              <value>
                <![CDATA[chrome]]>
              </value>
            </param>
            <param index="1">
              <value>
                <![CDATA[org.testng.TestRunner@140c9f39]]>
              </value>
            </param>
          </params>
          <reporter-output>
          </reporter-output>
        </test-method> <!-- setUp -->
        <test-method signature="negativeTest(java.lang.String, java.lang.String, java.lang.String)[pri:1, instance:com.herokuapp.theinternet.loginpagetests.NegativeLoginTests@131ef10]" started-at="2019-03-06T18:29:31Z" name="negativeTest" finished-at="2019-03-06T18:29:34Z" duration-ms="2965" status="PASS">
          <params>
            <param index="0">
              <value>
                <![CDATA[invalidUsername]]>
              </value>
            </param>
            <param index="1">
              <value>
                <![CDATA[SuperSecretPassword!]]>
              </value>
            </param>
            <param index="2">
              <value>
                <![CDATA[Your username is invalid!]]>
              </value>
            </param>
          </params>
          <reporter-output>
          </reporter-output>
        </test-method> <!-- negativeTest -->
        <test-method is-config="true" signature="tearDown()[pri:0, instance:com.herokuapp.theinternet.loginpagetests.NegativeLoginTests@131ef10]" started-at="2019-03-06T18:29:34Z" name="tearDown" finished-at="2019-03-06T18:29:36Z" duration-ms="1600" status="PASS">
          <reporter-output>
          </reporter-output>
        </test-method> <!-- tearDown -->
      </class> <!-- com.herokuapp.theinternet.loginpagetests.NegativeLoginTests -->
    </test> <!-- NegativeUsernameTest-CH -->
  </suite> <!-- NegativeLoginTestSuite -->
</testng-results>
